--- org.apache.commons.lang3.RandomStringUtils_ESTest::test03
org.evosuite.runtime.mock.java.lang.MockIllegalArgumentException: Parameter end (120) must be greater than start (56192)
	at org.apache.commons.lang3.RandomStringUtils.random(RandomStringUtils.java:247)
	at org.apache.commons.lang3.RandomStringUtils.random(RandomStringUtils.java:163)
	at org.apache.commons.lang3.RandomStringUtils_ESTest.test03(RandomStringUtils_ESTest.java:344)
	at sun.reflect.NativeMethodAccessorImpl.invoke0(Native Method)
	at sun.reflect.NativeMethodAccessorImpl.invoke(NativeMethodAccessorImpl.java:62)
	at sun.reflect.DelegatingMethodAccessorImpl.invoke(DelegatingMethodAccessorImpl.java:43)
	at java.lang.reflect.Method.invoke(Method.java:498)
	at org.junit.runners.model.FrameworkMethod$1.runReflectiveCall(FrameworkMethod.java:47)
	at org.junit.internal.runners.model.ReflectiveCallable.run(ReflectiveCallable.java:12)
	at org.junit.runners.model.FrameworkMethod.invokeExplosively(FrameworkMethod.java:44)
	at org.junit.internal.runners.statements.InvokeMethod.evaluate(InvokeMethod.java:17)
	at org.junit.internal.runners.statements.FailOnTimeout$StatementThread.run(FailOnTimeout.java:74)
--- org.apache.commons.lang3.RandomStringUtils_ESTest::test04
org.evosuite.runtime.mock.java.lang.MockIllegalArgumentException: Parameter end (729) must be greater than start (729)
	at org.apache.commons.lang3.RandomStringUtils.random(RandomStringUtils.java:247)
	at org.apache.commons.lang3.RandomStringUtils_ESTest.test04(RandomStringUtils_ESTest.java:415)
	at sun.reflect.NativeMethodAccessorImpl.invoke0(Native Method)
	at sun.reflect.NativeMethodAccessorImpl.invoke(NativeMethodAccessorImpl.java:62)
	at sun.reflect.DelegatingMethodAccessorImpl.invoke(DelegatingMethodAccessorImpl.java:43)
	at java.lang.reflect.Method.invoke(Method.java:498)
	at org.junit.runners.model.FrameworkMethod$1.runReflectiveCall(FrameworkMethod.java:47)
	at org.junit.internal.runners.model.ReflectiveCallable.run(ReflectiveCallable.java:12)
	at org.junit.runners.model.FrameworkMethod.invokeExplosively(FrameworkMethod.java:44)
	at org.junit.internal.runners.statements.InvokeMethod.evaluate(InvokeMethod.java:17)
	at org.junit.internal.runners.statements.FailOnTimeout$StatementThread.run(FailOnTimeout.java:74)
--- org.apache.commons.lang3.RandomStringUtils_ESTest::test10
org.evosuite.runtime.mock.java.lang.MockIllegalArgumentException: Parameter end (3256) must be greater than start (3256)
	at org.apache.commons.lang3.RandomStringUtils.random(RandomStringUtils.java:247)
	at org.apache.commons.lang3.RandomStringUtils_ESTest.test10(RandomStringUtils_ESTest.java:859)
	at sun.reflect.NativeMethodAccessorImpl.invoke0(Native Method)
	at sun.reflect.NativeMethodAccessorImpl.invoke(NativeMethodAccessorImpl.java:62)
	at sun.reflect.DelegatingMethodAccessorImpl.invoke(DelegatingMethodAccessorImpl.java:43)
	at java.lang.reflect.Method.invoke(Method.java:498)
	at org.junit.runners.model.FrameworkMethod$1.runReflectiveCall(FrameworkMethod.java:47)
	at org.junit.internal.runners.model.ReflectiveCallable.run(ReflectiveCallable.java:12)
	at org.junit.runners.model.FrameworkMethod.invokeExplosively(FrameworkMethod.java:44)
	at org.junit.internal.runners.statements.InvokeMethod.evaluate(InvokeMethod.java:17)
	at org.junit.internal.runners.statements.FailOnTimeout$StatementThread.run(FailOnTimeout.java:74)
--- org.apache.commons.lang3.RandomStringUtils_ESTest::test01
org.evosuite.runtime.mock.java.lang.MockIllegalArgumentException: Parameter end (-854) must be greater than start (0)
	at org.apache.commons.lang3.RandomStringUtils.random(RandomStringUtils.java:247)
	at org.apache.commons.lang3.RandomStringUtils_ESTest.test01(RandomStringUtils_ESTest.java:141)
	at sun.reflect.NativeMethodAccessorImpl.invoke0(Native Method)
	at sun.reflect.NativeMethodAccessorImpl.invoke(NativeMethodAccessorImpl.java:62)
	at sun.reflect.DelegatingMethodAccessorImpl.invoke(DelegatingMethodAccessorImpl.java:43)
	at java.lang.reflect.Method.invoke(Method.java:498)
	at org.junit.runners.model.FrameworkMethod$1.runReflectiveCall(FrameworkMethod.java:47)
	at org.junit.internal.runners.model.ReflectiveCallable.run(ReflectiveCallable.java:12)
	at org.junit.runners.model.FrameworkMethod.invokeExplosively(FrameworkMethod.java:44)
	at org.junit.internal.runners.statements.InvokeMethod.evaluate(InvokeMethod.java:17)
	at org.junit.internal.runners.statements.FailOnTimeout$StatementThread.run(FailOnTimeout.java:74)
--- org.apache.commons.lang3.RandomStringUtils_ESTest::test11
org.evosuite.runtime.mock.java.lang.MockIllegalArgumentException: Parameter end (-225) must be greater than start (-225)
	at org.apache.commons.lang3.RandomStringUtils.random(RandomStringUtils.java:247)
	at org.apache.commons.lang3.RandomStringUtils.random(RandomStringUtils.java:163)
	at org.apache.commons.lang3.RandomStringUtils_ESTest.test11(RandomStringUtils_ESTest.java:957)
	at sun.reflect.NativeMethodAccessorImpl.invoke0(Native Method)
	at sun.reflect.NativeMethodAccessorImpl.invoke(NativeMethodAccessorImpl.java:62)
	at sun.reflect.DelegatingMethodAccessorImpl.invoke(DelegatingMethodAccessorImpl.java:43)
	at java.lang.reflect.Method.invoke(Method.java:498)
	at org.junit.runners.model.FrameworkMethod$1.runReflectiveCall(FrameworkMethod.java:47)
	at org.junit.internal.runners.model.ReflectiveCallable.run(ReflectiveCallable.java:12)
	at org.junit.runners.model.FrameworkMethod.invokeExplosively(FrameworkMethod.java:44)
	at org.junit.internal.runners.statements.InvokeMethod.evaluate(InvokeMethod.java:17)
	at org.junit.internal.runners.statements.FailOnTimeout$StatementThread.run(FailOnTimeout.java:74)
--- org.apache.commons.lang3.RandomStringUtils_ESTest::test07
org.evosuite.runtime.mock.java.lang.MockIllegalArgumentException: Parameter end (56191) must be greater than start (56320)
	at org.apache.commons.lang3.RandomStringUtils.random(RandomStringUtils.java:247)
	at org.apache.commons.lang3.RandomStringUtils.random(RandomStringUtils.java:163)
	at org.apache.commons.lang3.RandomStringUtils_ESTest.test07(RandomStringUtils_ESTest.java:644)
	at sun.reflect.NativeMethodAccessorImpl.invoke0(Native Method)
	at sun.reflect.NativeMethodAccessorImpl.invoke(NativeMethodAccessorImpl.java:62)
	at sun.reflect.DelegatingMethodAccessorImpl.invoke(DelegatingMethodAccessorImpl.java:43)
	at java.lang.reflect.Method.invoke(Method.java:498)
	at org.junit.runners.model.FrameworkMethod$1.runReflectiveCall(FrameworkMethod.java:47)
	at org.junit.internal.runners.model.ReflectiveCallable.run(ReflectiveCallable.java:12)
	at org.junit.runners.model.FrameworkMethod.invokeExplosively(FrameworkMethod.java:44)
	at org.junit.internal.runners.statements.InvokeMethod.evaluate(InvokeMethod.java:17)
	at org.junit.internal.runners.statements.FailOnTimeout$StatementThread.run(FailOnTimeout.java:74)
--- org.apache.commons.lang3.RandomStringUtils_ESTest::test19
org.evosuite.runtime.mock.java.lang.MockIllegalArgumentException: Parameter end (15) must be greater than start (55296)
	at org.apache.commons.lang3.RandomStringUtils.random(RandomStringUtils.java:247)
	at org.apache.commons.lang3.RandomStringUtils.random(RandomStringUtils.java:163)
	at org.apache.commons.lang3.RandomStringUtils_ESTest.test19(RandomStringUtils_ESTest.java:1745)
	at sun.reflect.NativeMethodAccessorImpl.invoke0(Native Method)
	at sun.reflect.NativeMethodAccessorImpl.invoke(NativeMethodAccessorImpl.java:62)
	at sun.reflect.DelegatingMethodAccessorImpl.invoke(DelegatingMethodAccessorImpl.java:43)
	at java.lang.reflect.Method.invoke(Method.java:498)
	at org.junit.runners.model.FrameworkMethod$1.runReflectiveCall(FrameworkMethod.java:47)
	at org.junit.internal.runners.model.ReflectiveCallable.run(ReflectiveCallable.java:12)
	at org.junit.runners.model.FrameworkMethod.invokeExplosively(FrameworkMethod.java:44)
	at org.junit.internal.runners.statements.InvokeMethod.evaluate(InvokeMethod.java:17)
	at org.junit.internal.runners.statements.FailOnTimeout$StatementThread.run(FailOnTimeout.java:74)
