<?xml version="1.0"?>
<!DOCTYPE coverage SYSTEM "http://cobertura.sourceforge.net/xml/coverage-04.dtd">

<coverage line-rate="0.031413612565445025" branch-rate="0.0" lines-covered="6" lines-valid="191" branches-covered="0" branches-valid="98" complexity="3.64" version="2.0.3" timestamp="1698602574129">
	<sources>
		<source>src/java</source>
	</sources>
	<packages>
		<package name="org.apache.commons.lang" line-rate="0.031413612565445025" branch-rate="0.0" complexity="3.64">
			<classes>
				<class name="org.apache.commons.lang.LocaleUtils" filename="org/apache/commons/lang/LocaleUtils.java" line-rate="0.07894736842105263" branch-rate="0.0" complexity="5.444444444444445">
					<methods>
						<method name="&lt;clinit&gt;" signature="()V" line-rate="1.0" branch-rate="1.0">
							<lines>
								<line number="47" hits="1" branch="false"/>
								<line number="49" hits="1" branch="false"/>
								<line number="51" hits="1" branch="false"/>
								<line number="52" hits="1" branch="false"/>
								<line number="53" hits="1" branch="false"/>
							</lines>
						</method>
						<method name="&lt;init&gt;" signature="()V" line-rate="0.0" branch-rate="1.0">
							<lines>
								<line number="63" hits="0" branch="false"/>
								<line number="64" hits="0" branch="false"/>
							</lines>
						</method>
						<method name="availableLocaleList" signature="()Ljava/util/List;" line-rate="0.0" branch-rate="1.0">
							<lines>
								<line number="192" hits="0" branch="false"/>
							</lines>
						</method>
						<method name="availableLocaleSet" signature="()Ljava/util/Set;" line-rate="0.0" branch-rate="0.0">
							<lines>
								<line number="206" hits="0" branch="false"/>
								<line number="207" hits="0" branch="true" condition-coverage="0% (0/2)">
									<conditions>
										<condition number="0" type="jump" coverage="0%"/>
									</conditions>
								</line>
								<line number="208" hits="0" branch="false"/>
								<line number="209" hits="0" branch="false"/>
								<line number="210" hits="0" branch="false"/>
								<line number="212" hits="0" branch="false"/>
							</lines>
						</method>
						<method name="countriesByLanguage" signature="(Ljava/lang/String;)Ljava/util/List;" line-rate="0.0" branch-rate="0.0">
							<lines>
								<line number="269" hits="0" branch="false"/>
								<line number="270" hits="0" branch="true" condition-coverage="0% (0/2)">
									<conditions>
										<condition number="0" type="jump" coverage="0%"/>
									</conditions>
								</line>
								<line number="271" hits="0" branch="true" condition-coverage="0% (0/2)">
									<conditions>
										<condition number="0" type="jump" coverage="0%"/>
									</conditions>
								</line>
								<line number="272" hits="0" branch="false"/>
								<line number="273" hits="0" branch="false"/>
								<line number="274" hits="0" branch="true" condition-coverage="0% (0/2)">
									<conditions>
										<condition number="0" type="jump" coverage="0%"/>
									</conditions>
								</line>
								<line number="275" hits="0" branch="false"/>
								<line number="276" hits="0" branch="true" condition-coverage="0% (0/6)">
									<conditions>
										<condition number="0" type="jump" coverage="0%"/>
										<condition number="1" type="jump" coverage="0%"/>
										<condition number="2" type="jump" coverage="0%"/>
									</conditions>
								</line>
								<line number="279" hits="0" branch="false"/>
								<line number="282" hits="0" branch="false"/>
								<line number="283" hits="0" branch="false"/>
								<line number="284" hits="0" branch="false"/>
								<line number="286" hits="0" branch="false"/>
								<line number="288" hits="0" branch="false"/>
							</lines>
						</method>
						<method name="isAvailableLocale" signature="(Ljava/util/Locale;)Z" line-rate="1.0" branch-rate="1.0">
							<lines>
								<line number="223" hits="1" branch="false"/>
							</lines>
						</method>
						<method name="languagesByCountry" signature="(Ljava/lang/String;)Ljava/util/List;" line-rate="0.0" branch-rate="0.0">
							<lines>
								<line number="237" hits="0" branch="false"/>
								<line number="238" hits="0" branch="true" condition-coverage="0% (0/2)">
									<conditions>
										<condition number="0" type="jump" coverage="0%"/>
									</conditions>
								</line>
								<line number="239" hits="0" branch="true" condition-coverage="0% (0/2)">
									<conditions>
										<condition number="0" type="jump" coverage="0%"/>
									</conditions>
								</line>
								<line number="240" hits="0" branch="false"/>
								<line number="241" hits="0" branch="false"/>
								<line number="242" hits="0" branch="true" condition-coverage="0% (0/2)">
									<conditions>
										<condition number="0" type="jump" coverage="0%"/>
									</conditions>
								</line>
								<line number="243" hits="0" branch="false"/>
								<line number="244" hits="0" branch="true" condition-coverage="0% (0/4)">
									<conditions>
										<condition number="0" type="jump" coverage="0%"/>
										<condition number="1" type="jump" coverage="0%"/>
									</conditions>
								</line>
								<line number="246" hits="0" branch="false"/>
								<line number="249" hits="0" branch="false"/>
								<line number="250" hits="0" branch="false"/>
								<line number="251" hits="0" branch="false"/>
								<line number="253" hits="0" branch="false"/>
								<line number="255" hits="0" branch="false"/>
							</lines>
						</method>
						<method name="localeLookupList" signature="(Ljava/util/Locale;)Ljava/util/List;" line-rate="0.0" branch-rate="1.0">
							<lines>
								<line number="143" hits="0" branch="false"/>
							</lines>
						</method>
						<method name="localeLookupList" signature="(Ljava/util/Locale;Ljava/util/Locale;)Ljava/util/List;" line-rate="0.0" branch-rate="0.0">
							<lines>
								<line number="165" hits="0" branch="false"/>
								<line number="166" hits="0" branch="true" condition-coverage="0% (0/2)">
									<conditions>
										<condition number="0" type="jump" coverage="0%"/>
									</conditions>
								</line>
								<line number="167" hits="0" branch="false"/>
								<line number="168" hits="0" branch="true" condition-coverage="0% (0/2)">
									<conditions>
										<condition number="0" type="jump" coverage="0%"/>
									</conditions>
								</line>
								<line number="169" hits="0" branch="false"/>
								<line number="171" hits="0" branch="true" condition-coverage="0% (0/2)">
									<conditions>
										<condition number="0" type="jump" coverage="0%"/>
									</conditions>
								</line>
								<line number="172" hits="0" branch="false"/>
								<line number="174" hits="0" branch="true" condition-coverage="0% (0/2)">
									<conditions>
										<condition number="0" type="jump" coverage="0%"/>
									</conditions>
								</line>
								<line number="175" hits="0" branch="false"/>
								<line number="178" hits="0" branch="false"/>
							</lines>
						</method>
						<method name="toLocale" signature="(Ljava/lang/String;)Ljava/util/Locale;" line-rate="0.0" branch-rate="0.0">
							<lines>
								<line number="95" hits="0" branch="true" condition-coverage="0% (0/2)">
									<conditions>
										<condition number="0" type="jump" coverage="0%"/>
									</conditions>
								</line>
								<line number="96" hits="0" branch="false"/>
								<line number="98" hits="0" branch="false"/>
								<line number="99" hits="0" branch="true" condition-coverage="0% (0/6)">
									<conditions>
										<condition number="0" type="jump" coverage="0%"/>
										<condition number="1" type="jump" coverage="0%"/>
										<condition number="2" type="jump" coverage="0%"/>
									</conditions>
								</line>
								<line number="100" hits="0" branch="false"/>
								<line number="102" hits="0" branch="false"/>
								<line number="103" hits="0" branch="false"/>
								<line number="104" hits="0" branch="true" condition-coverage="0% (0/8)">
									<conditions>
										<condition number="0" type="jump" coverage="0%"/>
										<condition number="1" type="jump" coverage="0%"/>
										<condition number="2" type="jump" coverage="0%"/>
										<condition number="3" type="jump" coverage="0%"/>
									</conditions>
								</line>
								<line number="105" hits="0" branch="false"/>
								<line number="107" hits="0" branch="true" condition-coverage="0% (0/2)">
									<conditions>
										<condition number="0" type="jump" coverage="0%"/>
									</conditions>
								</line>
								<line number="108" hits="0" branch="false"/>
								<line number="110" hits="0" branch="true" condition-coverage="0% (0/2)">
									<conditions>
										<condition number="0" type="jump" coverage="0%"/>
									</conditions>
								</line>
								<line number="111" hits="0" branch="false"/>
								<line number="113" hits="0" branch="false"/>
								<line number="114" hits="0" branch="false"/>
								<line number="115" hits="0" branch="true" condition-coverage="0% (0/8)">
									<conditions>
										<condition number="0" type="jump" coverage="0%"/>
										<condition number="1" type="jump" coverage="0%"/>
										<condition number="2" type="jump" coverage="0%"/>
										<condition number="3" type="jump" coverage="0%"/>
									</conditions>
								</line>
								<line number="116" hits="0" branch="false"/>
								<line number="118" hits="0" branch="true" condition-coverage="0% (0/2)">
									<conditions>
										<condition number="0" type="jump" coverage="0%"/>
									</conditions>
								</line>
								<line number="119" hits="0" branch="false"/>
								<line number="121" hits="0" branch="true" condition-coverage="0% (0/2)">
									<conditions>
										<condition number="0" type="jump" coverage="0%"/>
									</conditions>
								</line>
								<line number="122" hits="0" branch="false"/>
								<line number="124" hits="0" branch="false"/>
							</lines>
						</method>
					</methods>
					<lines>
						<line number="47" hits="1" branch="false"/>
						<line number="49" hits="1" branch="false"/>
						<line number="51" hits="1" branch="false"/>
						<line number="52" hits="1" branch="false"/>
						<line number="53" hits="1" branch="false"/>
						<line number="63" hits="0" branch="false"/>
						<line number="64" hits="0" branch="false"/>
						<line number="95" hits="0" branch="true" condition-coverage="0% (0/2)">
							<conditions>
								<condition number="0" type="jump" coverage="0%"/>
							</conditions>
						</line>
						<line number="96" hits="0" branch="false"/>
						<line number="98" hits="0" branch="false"/>
						<line number="99" hits="0" branch="true" condition-coverage="0% (0/6)">
							<conditions>
								<condition number="0" type="jump" coverage="0%"/>
								<condition number="1" type="jump" coverage="0%"/>
								<condition number="2" type="jump" coverage="0%"/>
							</conditions>
						</line>
						<line number="100" hits="0" branch="false"/>
						<line number="102" hits="0" branch="false"/>
						<line number="103" hits="0" branch="false"/>
						<line number="104" hits="0" branch="true" condition-coverage="0% (0/8)">
							<conditions>
								<condition number="0" type="jump" coverage="0%"/>
								<condition number="1" type="jump" coverage="0%"/>
								<condition number="2" type="jump" coverage="0%"/>
								<condition number="3" type="jump" coverage="0%"/>
							</conditions>
						</line>
						<line number="105" hits="0" branch="false"/>
						<line number="107" hits="0" branch="true" condition-coverage="0% (0/2)">
							<conditions>
								<condition number="0" type="jump" coverage="0%"/>
							</conditions>
						</line>
						<line number="108" hits="0" branch="false"/>
						<line number="110" hits="0" branch="true" condition-coverage="0% (0/2)">
							<conditions>
								<condition number="0" type="jump" coverage="0%"/>
							</conditions>
						</line>
						<line number="111" hits="0" branch="false"/>
						<line number="113" hits="0" branch="false"/>
						<line number="114" hits="0" branch="false"/>
						<line number="115" hits="0" branch="true" condition-coverage="0% (0/8)">
							<conditions>
								<condition number="0" type="jump" coverage="0%"/>
								<condition number="1" type="jump" coverage="0%"/>
								<condition number="2" type="jump" coverage="0%"/>
								<condition number="3" type="jump" coverage="0%"/>
							</conditions>
						</line>
						<line number="116" hits="0" branch="false"/>
						<line number="118" hits="0" branch="true" condition-coverage="0% (0/2)">
							<conditions>
								<condition number="0" type="jump" coverage="0%"/>
							</conditions>
						</line>
						<line number="119" hits="0" branch="false"/>
						<line number="121" hits="0" branch="true" condition-coverage="0% (0/2)">
							<conditions>
								<condition number="0" type="jump" coverage="0%"/>
							</conditions>
						</line>
						<line number="122" hits="0" branch="false"/>
						<line number="124" hits="0" branch="false"/>
						<line number="143" hits="0" branch="false"/>
						<line number="165" hits="0" branch="false"/>
						<line number="166" hits="0" branch="true" condition-coverage="0% (0/2)">
							<conditions>
								<condition number="0" type="jump" coverage="0%"/>
							</conditions>
						</line>
						<line number="167" hits="0" branch="false"/>
						<line number="168" hits="0" branch="true" condition-coverage="0% (0/2)">
							<conditions>
								<condition number="0" type="jump" coverage="0%"/>
							</conditions>
						</line>
						<line number="169" hits="0" branch="false"/>
						<line number="171" hits="0" branch="true" condition-coverage="0% (0/2)">
							<conditions>
								<condition number="0" type="jump" coverage="0%"/>
							</conditions>
						</line>
						<line number="172" hits="0" branch="false"/>
						<line number="174" hits="0" branch="true" condition-coverage="0% (0/2)">
							<conditions>
								<condition number="0" type="jump" coverage="0%"/>
							</conditions>
						</line>
						<line number="175" hits="0" branch="false"/>
						<line number="178" hits="0" branch="false"/>
						<line number="192" hits="0" branch="false"/>
						<line number="206" hits="0" branch="false"/>
						<line number="207" hits="0" branch="true" condition-coverage="0% (0/2)">
							<conditions>
								<condition number="0" type="jump" coverage="0%"/>
							</conditions>
						</line>
						<line number="208" hits="0" branch="false"/>
						<line number="209" hits="0" branch="false"/>
						<line number="210" hits="0" branch="false"/>
						<line number="212" hits="0" branch="false"/>
						<line number="223" hits="1" branch="false"/>
						<line number="237" hits="0" branch="false"/>
						<line number="238" hits="0" branch="true" condition-coverage="0% (0/2)">
							<conditions>
								<condition number="0" type="jump" coverage="0%"/>
							</conditions>
						</line>
						<line number="239" hits="0" branch="true" condition-coverage="0% (0/2)">
							<conditions>
								<condition number="0" type="jump" coverage="0%"/>
							</conditions>
						</line>
						<line number="240" hits="0" branch="false"/>
						<line number="241" hits="0" branch="false"/>
						<line number="242" hits="0" branch="true" condition-coverage="0% (0/2)">
							<conditions>
								<condition number="0" type="jump" coverage="0%"/>
							</conditions>
						</line>
						<line number="243" hits="0" branch="false"/>
						<line number="244" hits="0" branch="true" condition-coverage="0% (0/4)">
							<conditions>
								<condition number="0" type="jump" coverage="0%"/>
								<condition number="1" type="jump" coverage="0%"/>
							</conditions>
						</line>
						<line number="246" hits="0" branch="false"/>
						<line number="249" hits="0" branch="false"/>
						<line number="250" hits="0" branch="false"/>
						<line number="251" hits="0" branch="false"/>
						<line number="253" hits="0" branch="false"/>
						<line number="255" hits="0" branch="false"/>
						<line number="269" hits="0" branch="false"/>
						<line number="270" hits="0" branch="true" condition-coverage="0% (0/2)">
							<conditions>
								<condition number="0" type="jump" coverage="0%"/>
							</conditions>
						</line>
						<line number="271" hits="0" branch="true" condition-coverage="0% (0/2)">
							<conditions>
								<condition number="0" type="jump" coverage="0%"/>
							</conditions>
						</line>
						<line number="272" hits="0" branch="false"/>
						<line number="273" hits="0" branch="false"/>
						<line number="274" hits="0" branch="true" condition-coverage="0% (0/2)">
							<conditions>
								<condition number="0" type="jump" coverage="0%"/>
							</conditions>
						</line>
						<line number="275" hits="0" branch="false"/>
						<line number="276" hits="0" branch="true" condition-coverage="0% (0/6)">
							<conditions>
								<condition number="0" type="jump" coverage="0%"/>
								<condition number="1" type="jump" coverage="0%"/>
								<condition number="2" type="jump" coverage="0%"/>
							</conditions>
						</line>
						<line number="279" hits="0" branch="false"/>
						<line number="282" hits="0" branch="false"/>
						<line number="283" hits="0" branch="false"/>
						<line number="284" hits="0" branch="false"/>
						<line number="286" hits="0" branch="false"/>
						<line number="288" hits="0" branch="false"/>
					</lines>
				</class>
				<class name="org.apache.commons.lang.SystemUtils" filename="org/apache/commons/lang/SystemUtils.java" line-rate="0.0" branch-rate="0.0" complexity="2.625">
					<methods>
						<method name="&lt;clinit&gt;" signature="()V" line-rate="0.0" branch-rate="1.0">
							<lines>
								<line number="87" hits="0" branch="false"/>
								<line number="105" hits="0" branch="false"/>
								<line number="122" hits="0" branch="false"/>
								<line number="138" hits="0" branch="false"/>
								<line number="154" hits="0" branch="false"/>
								<line number="175" hits="0" branch="false"/>
								<line number="191" hits="0" branch="false"/>
								<line number="207" hits="0" branch="false"/>
								<line number="224" hits="0" branch="false"/>
								<line number="241" hits="0" branch="false"/>
								<line number="258" hits="0" branch="false"/>
								<line number="275" hits="0" branch="false"/>
								<line number="291" hits="0" branch="false"/>
								<line number="307" hits="0" branch="false"/>
								<line number="324" hits="0" branch="false"/>
								<line number="342" hits="0" branch="false"/>
								<line number="360" hits="0" branch="false"/>
								<line number="377" hits="0" branch="false"/>
								<line number="394" hits="0" branch="false"/>
								<line number="411" hits="0" branch="false"/>
								<line number="428" hits="0" branch="false"/>
								<line number="445" hits="0" branch="false"/>
								<line number="461" hits="0" branch="false"/>
								<line number="477" hits="0" branch="false"/>
								<line number="495" hits="0" branch="false"/>
								<line number="512" hits="0" branch="false"/>
								<line number="529" hits="0" branch="false"/>
								<line number="546" hits="0" branch="false"/>
								<line number="563" hits="0" branch="false"/>
								<line number="580" hits="0" branch="false"/>
								<line number="597" hits="0" branch="false"/>
								<line number="614" hits="0" branch="false"/>
								<line number="630" hits="0" branch="false"/>
								<line number="646" hits="0" branch="false"/>
								<line number="662" hits="0" branch="false"/>
								<line number="679" hits="0" branch="false"/>
								<line number="698" hits="0" branch="false"/>
								<line number="717" hits="0" branch="false"/>
								<line number="733" hits="0" branch="false"/>
								<line number="751" hits="0" branch="false"/>
								<line number="767" hits="0" branch="false"/>
								<line number="784" hits="0" branch="false"/>
								<line number="798" hits="0" branch="false"/>
								<line number="818" hits="0" branch="false"/>
								<line number="833" hits="0" branch="false"/>
								<line number="846" hits="0" branch="false"/>
								<line number="854" hits="0" branch="false"/>
								<line number="862" hits="0" branch="false"/>
								<line number="870" hits="0" branch="false"/>
								<line number="878" hits="0" branch="false"/>
								<line number="886" hits="0" branch="false"/>
								<line number="904" hits="0" branch="false"/>
								<line number="914" hits="0" branch="false"/>
								<line number="924" hits="0" branch="false"/>
								<line number="934" hits="0" branch="false"/>
								<line number="944" hits="0" branch="false"/>
								<line number="954" hits="0" branch="false"/>
								<line number="964" hits="0" branch="false"/>
								<line number="974" hits="0" branch="false"/>
								<line number="984" hits="0" branch="false"/>
								<line number="995" hits="0" branch="false"/>
								<line number="1007" hits="0" branch="false"/>
								<line number="1017" hits="0" branch="false"/>
								<line number="1027" hits="0" branch="false"/>
								<line number="1038" hits="0" branch="false"/>
								<line number="1049" hits="0" branch="false"/>
								<line number="1060" hits="0" branch="false"/>
								<line number="1071" hits="0" branch="false"/>
							</lines>
						</method>
						<method name="&lt;init&gt;" signature="()V" line-rate="0.0" branch-rate="1.0">
							<lines>
								<line number="1083" hits="0" branch="false"/>
								<line number="1084" hits="0" branch="false"/>
							</lines>
						</method>
						<method name="getJavaHome" signature="()Ljava/io/File;" line-rate="0.0" branch-rate="1.0">
							<lines>
								<line number="1305" hits="0" branch="false"/>
							</lines>
						</method>
						<method name="getJavaIoTmpDir" signature="()Ljava/io/File;" line-rate="0.0" branch-rate="1.0">
							<lines>
								<line number="1319" hits="0" branch="false"/>
							</lines>
						</method>
						<method name="getJavaVersion" signature="()F" line-rate="0.0" branch-rate="1.0">
							<lines>
								<line number="1101" hits="0" branch="false"/>
							</lines>
						</method>
						<method name="getJavaVersionAsFloat" signature="()F" line-rate="0.0" branch-rate="0.0">
							<lines>
								<line number="1119" hits="0" branch="true" condition-coverage="0% (0/2)">
									<conditions>
										<condition number="0" type="jump" coverage="0%"/>
									</conditions>
								</line>
								<line number="1120" hits="0" branch="false"/>
								<line number="1122" hits="0" branch="false"/>
								<line number="1123" hits="0" branch="true" condition-coverage="0% (0/2)">
									<conditions>
										<condition number="0" type="jump" coverage="0%"/>
									</conditions>
								</line>
								<line number="1124" hits="0" branch="false"/>
								<line number="1127" hits="0" branch="false"/>
								<line number="1128" hits="0" branch="false"/>
								<line number="1129" hits="0" branch="false"/>
							</lines>
						</method>
						<method name="getJavaVersionAsInt" signature="()I" line-rate="0.0" branch-rate="0.0">
							<lines>
								<line number="1148" hits="0" branch="true" condition-coverage="0% (0/2)">
									<conditions>
										<condition number="0" type="jump" coverage="0%"/>
									</conditions>
								</line>
								<line number="1149" hits="0" branch="false"/>
								<line number="1151" hits="0" branch="false"/>
								<line number="1152" hits="0" branch="false"/>
								<line number="1153" hits="0" branch="true" condition-coverage="0% (0/2)">
									<conditions>
										<condition number="0" type="jump" coverage="0%"/>
									</conditions>
								</line>
								<line number="1154" hits="0" branch="false"/>
								<line number="1156" hits="0" branch="false"/>
								<line number="1159" hits="0" branch="false"/>
								<line number="1160" hits="0" branch="false"/>
								<line number="1161" hits="0" branch="false"/>
							</lines>
						</method>
						<method name="getJavaVersionMatches" signature="(Ljava/lang/String;)Z" line-rate="0.0" branch-rate="0.0">
							<lines>
								<line number="1189" hits="0" branch="true" condition-coverage="0% (0/2)">
									<conditions>
										<condition number="0" type="jump" coverage="0%"/>
									</conditions>
								</line>
								<line number="1190" hits="0" branch="false"/>
								<line number="1192" hits="0" branch="false"/>
							</lines>
						</method>
						<method name="getJavaVersionTrimmed" signature="()Ljava/lang/String;" line-rate="0.0" branch-rate="0.0">
							<lines>
								<line number="1171" hits="0" branch="true" condition-coverage="0% (0/2)">
									<conditions>
										<condition number="0" type="jump" coverage="0%"/>
									</conditions>
								</line>
								<line number="1172" hits="0" branch="true" condition-coverage="0% (0/2)">
									<conditions>
										<condition number="0" type="jump" coverage="0%"/>
									</conditions>
								</line>
								<line number="1173" hits="0" branch="false"/>
								<line number="1174" hits="0" branch="true" condition-coverage="0% (0/4)">
									<conditions>
										<condition number="0" type="jump" coverage="0%"/>
										<condition number="1" type="jump" coverage="0%"/>
									</conditions>
								</line>
								<line number="1175" hits="0" branch="false"/>
								<line number="1179" hits="0" branch="false"/>
							</lines>
						</method>
						<method name="getOSMatches" signature="(Ljava/lang/String;)Z" line-rate="0.0" branch-rate="0.0">
							<lines>
								<line number="1202" hits="0" branch="true" condition-coverage="0% (0/2)">
									<conditions>
										<condition number="0" type="jump" coverage="0%"/>
									</conditions>
								</line>
								<line number="1203" hits="0" branch="false"/>
								<line number="1205" hits="0" branch="false"/>
							</lines>
						</method>
						<method name="getOSMatches" signature="(Ljava/lang/String;Ljava/lang/String;)Z" line-rate="0.0" branch-rate="0.0">
							<lines>
								<line number="1216" hits="0" branch="true" condition-coverage="0% (0/4)">
									<conditions>
										<condition number="0" type="jump" coverage="0%"/>
										<condition number="1" type="jump" coverage="0%"/>
									</conditions>
								</line>
								<line number="1217" hits="0" branch="false"/>
								<line number="1219" hits="0" branch="true" condition-coverage="0% (0/4)">
									<conditions>
										<condition number="0" type="jump" coverage="0%"/>
										<condition number="1" type="jump" coverage="0%"/>
									</conditions>
								</line>
							</lines>
						</method>
						<method name="getSystemProperty" signature="(Ljava/lang/String;)Ljava/lang/String;" line-rate="0.0" branch-rate="1.0">
							<lines>
								<line number="1235" hits="0" branch="false"/>
								<line number="1236" hits="0" branch="false"/>
								<line number="1238" hits="0" branch="false"/>
								<line number="1242" hits="0" branch="false"/>
							</lines>
						</method>
						<method name="getUserDir" signature="()Ljava/io/File;" line-rate="0.0" branch-rate="1.0">
							<lines>
								<line number="1333" hits="0" branch="false"/>
							</lines>
						</method>
						<method name="getUserHome" signature="()Ljava/io/File;" line-rate="0.0" branch-rate="1.0">
							<lines>
								<line number="1347" hits="0" branch="false"/>
							</lines>
						</method>
						<method name="isJavaAwtHeadless" signature="()Z" line-rate="0.0" branch-rate="0.0">
							<lines>
								<line number="1292" hits="0" branch="true" condition-coverage="0% (0/2)">
									<conditions>
										<condition number="0" type="jump" coverage="0%"/>
									</conditions>
								</line>
							</lines>
						</method>
						<method name="isJavaVersionAtLeast" signature="(F)Z" line-rate="0.0" branch-rate="0.0">
							<lines>
								<line number="1260" hits="0" branch="true" condition-coverage="0% (0/2)">
									<conditions>
										<condition number="0" type="jump" coverage="0%"/>
									</conditions>
								</line>
							</lines>
						</method>
						<method name="isJavaVersionAtLeast" signature="(I)Z" line-rate="0.0" branch-rate="0.0">
							<lines>
								<line number="1278" hits="0" branch="true" condition-coverage="0% (0/2)">
									<conditions>
										<condition number="0" type="jump" coverage="0%"/>
									</conditions>
								</line>
							</lines>
						</method>
					</methods>
					<lines>
						<line number="87" hits="0" branch="false"/>
						<line number="105" hits="0" branch="false"/>
						<line number="122" hits="0" branch="false"/>
						<line number="138" hits="0" branch="false"/>
						<line number="154" hits="0" branch="false"/>
						<line number="175" hits="0" branch="false"/>
						<line number="191" hits="0" branch="false"/>
						<line number="207" hits="0" branch="false"/>
						<line number="224" hits="0" branch="false"/>
						<line number="241" hits="0" branch="false"/>
						<line number="258" hits="0" branch="false"/>
						<line number="275" hits="0" branch="false"/>
						<line number="291" hits="0" branch="false"/>
						<line number="307" hits="0" branch="false"/>
						<line number="324" hits="0" branch="false"/>
						<line number="342" hits="0" branch="false"/>
						<line number="360" hits="0" branch="false"/>
						<line number="377" hits="0" branch="false"/>
						<line number="394" hits="0" branch="false"/>
						<line number="411" hits="0" branch="false"/>
						<line number="428" hits="0" branch="false"/>
						<line number="445" hits="0" branch="false"/>
						<line number="461" hits="0" branch="false"/>
						<line number="477" hits="0" branch="false"/>
						<line number="495" hits="0" branch="false"/>
						<line number="512" hits="0" branch="false"/>
						<line number="529" hits="0" branch="false"/>
						<line number="546" hits="0" branch="false"/>
						<line number="563" hits="0" branch="false"/>
						<line number="580" hits="0" branch="false"/>
						<line number="597" hits="0" branch="false"/>
						<line number="614" hits="0" branch="false"/>
						<line number="630" hits="0" branch="false"/>
						<line number="646" hits="0" branch="false"/>
						<line number="662" hits="0" branch="false"/>
						<line number="679" hits="0" branch="false"/>
						<line number="698" hits="0" branch="false"/>
						<line number="717" hits="0" branch="false"/>
						<line number="733" hits="0" branch="false"/>
						<line number="751" hits="0" branch="false"/>
						<line number="767" hits="0" branch="false"/>
						<line number="784" hits="0" branch="false"/>
						<line number="798" hits="0" branch="false"/>
						<line number="818" hits="0" branch="false"/>
						<line number="833" hits="0" branch="false"/>
						<line number="846" hits="0" branch="false"/>
						<line number="854" hits="0" branch="false"/>
						<line number="862" hits="0" branch="false"/>
						<line number="870" hits="0" branch="false"/>
						<line number="878" hits="0" branch="false"/>
						<line number="886" hits="0" branch="false"/>
						<line number="904" hits="0" branch="false"/>
						<line number="914" hits="0" branch="false"/>
						<line number="924" hits="0" branch="false"/>
						<line number="934" hits="0" branch="false"/>
						<line number="944" hits="0" branch="false"/>
						<line number="954" hits="0" branch="false"/>
						<line number="964" hits="0" branch="false"/>
						<line number="974" hits="0" branch="false"/>
						<line number="984" hits="0" branch="false"/>
						<line number="995" hits="0" branch="false"/>
						<line number="1007" hits="0" branch="false"/>
						<line number="1017" hits="0" branch="false"/>
						<line number="1027" hits="0" branch="false"/>
						<line number="1038" hits="0" branch="false"/>
						<line number="1049" hits="0" branch="false"/>
						<line number="1060" hits="0" branch="false"/>
						<line number="1071" hits="0" branch="false"/>
						<line number="1083" hits="0" branch="false"/>
						<line number="1084" hits="0" branch="false"/>
						<line number="1101" hits="0" branch="false"/>
						<line number="1119" hits="0" branch="true" condition-coverage="0% (0/2)">
							<conditions>
								<condition number="0" type="jump" coverage="0%"/>
							</conditions>
						</line>
						<line number="1120" hits="0" branch="false"/>
						<line number="1122" hits="0" branch="false"/>
						<line number="1123" hits="0" branch="true" condition-coverage="0% (0/2)">
							<conditions>
								<condition number="0" type="jump" coverage="0%"/>
							</conditions>
						</line>
						<line number="1124" hits="0" branch="false"/>
						<line number="1127" hits="0" branch="false"/>
						<line number="1128" hits="0" branch="false"/>
						<line number="1129" hits="0" branch="false"/>
						<line number="1148" hits="0" branch="true" condition-coverage="0% (0/2)">
							<conditions>
								<condition number="0" type="jump" coverage="0%"/>
							</conditions>
						</line>
						<line number="1149" hits="0" branch="false"/>
						<line number="1151" hits="0" branch="false"/>
						<line number="1152" hits="0" branch="false"/>
						<line number="1153" hits="0" branch="true" condition-coverage="0% (0/2)">
							<conditions>
								<condition number="0" type="jump" coverage="0%"/>
							</conditions>
						</line>
						<line number="1154" hits="0" branch="false"/>
						<line number="1156" hits="0" branch="false"/>
						<line number="1159" hits="0" branch="false"/>
						<line number="1160" hits="0" branch="false"/>
						<line number="1161" hits="0" branch="false"/>
						<line number="1171" hits="0" branch="true" condition-coverage="0% (0/2)">
							<conditions>
								<condition number="0" type="jump" coverage="0%"/>
							</conditions>
						</line>
						<line number="1172" hits="0" branch="true" condition-coverage="0% (0/2)">
							<conditions>
								<condition number="0" type="jump" coverage="0%"/>
							</conditions>
						</line>
						<line number="1173" hits="0" branch="false"/>
						<line number="1174" hits="0" branch="true" condition-coverage="0% (0/4)">
							<conditions>
								<condition number="0" type="jump" coverage="0%"/>
								<condition number="1" type="jump" coverage="0%"/>
							</conditions>
						</line>
						<line number="1175" hits="0" branch="false"/>
						<line number="1179" hits="0" branch="false"/>
						<line number="1189" hits="0" branch="true" condition-coverage="0% (0/2)">
							<conditions>
								<condition number="0" type="jump" coverage="0%"/>
							</conditions>
						</line>
						<line number="1190" hits="0" branch="false"/>
						<line number="1192" hits="0" branch="false"/>
						<line number="1202" hits="0" branch="true" condition-coverage="0% (0/2)">
							<conditions>
								<condition number="0" type="jump" coverage="0%"/>
							</conditions>
						</line>
						<line number="1203" hits="0" branch="false"/>
						<line number="1205" hits="0" branch="false"/>
						<line number="1216" hits="0" branch="true" condition-coverage="0% (0/4)">
							<conditions>
								<condition number="0" type="jump" coverage="0%"/>
								<condition number="1" type="jump" coverage="0%"/>
							</conditions>
						</line>
						<line number="1217" hits="0" branch="false"/>
						<line number="1219" hits="0" branch="true" condition-coverage="0% (0/4)">
							<conditions>
								<condition number="0" type="jump" coverage="0%"/>
								<condition number="1" type="jump" coverage="0%"/>
							</conditions>
						</line>
						<line number="1235" hits="0" branch="false"/>
						<line number="1236" hits="0" branch="false"/>
						<line number="1238" hits="0" branch="false"/>
						<line number="1242" hits="0" branch="false"/>
						<line number="1260" hits="0" branch="true" condition-coverage="0% (0/2)">
							<conditions>
								<condition number="0" type="jump" coverage="0%"/>
							</conditions>
						</line>
						<line number="1278" hits="0" branch="true" condition-coverage="0% (0/2)">
							<conditions>
								<condition number="0" type="jump" coverage="0%"/>
							</conditions>
						</line>
						<line number="1292" hits="0" branch="true" condition-coverage="0% (0/2)">
							<conditions>
								<condition number="0" type="jump" coverage="0%"/>
							</conditions>
						</line>
						<line number="1305" hits="0" branch="false"/>
						<line number="1319" hits="0" branch="false"/>
						<line number="1333" hits="0" branch="false"/>
						<line number="1347" hits="0" branch="false"/>
					</lines>
				</class>
			</classes>
		</package>
	</packages>
</coverage>
