--- org.apache.commons.lang3.time.FastDateFormat_ESTest::test1
org.evosuite.runtime.mock.java.lang.MockIllegalArgumentException: Failed to parse "D+|E+|F+|G+|H+|K+|M+|S+|W+|Z+|a+|d+|h+|k+|m+|s+|w+|y+|z+|''|'[^']++(''[^']*+)*+'|[^'A-Za-z]++" ; gave up at index 83
	at org.apache.commons.lang3.time.FastDateParser.init(FastDateParser.java:145)
	at org.apache.commons.lang3.time.FastDateParser.<init>(FastDateParser.java:108)
	at org.apache.commons.lang3.time.FastDateFormat.<init>(FastDateFormat.java:370)
	at org.apache.commons.lang3.time.FastDateFormat$1.createInstance(FastDateFormat.java:91)
	at org.apache.commons.lang3.time.FastDateFormat$1.createInstance(FastDateFormat.java:88)
	at org.apache.commons.lang3.time.FormatCache.getInstance(FormatCache.java:82)
	at org.apache.commons.lang3.time.FastDateFormat.getInstance(FastDateFormat.java:165)
	at org.apache.commons.lang3.time.FastDateFormat_ESTest.test1(FastDateFormat_ESTest.java:71)
	at sun.reflect.NativeMethodAccessorImpl.invoke0(Native Method)
	at sun.reflect.NativeMethodAccessorImpl.invoke(NativeMethodAccessorImpl.java:62)
	at sun.reflect.DelegatingMethodAccessorImpl.invoke(DelegatingMethodAccessorImpl.java:43)
	at java.lang.reflect.Method.invoke(Method.java:498)
	at org.junit.runners.model.FrameworkMethod$1.runReflectiveCall(FrameworkMethod.java:47)
	at org.junit.internal.runners.model.ReflectiveCallable.run(ReflectiveCallable.java:12)
	at org.junit.runners.model.FrameworkMethod.invokeExplosively(FrameworkMethod.java:44)
	at org.junit.internal.runners.statements.InvokeMethod.evaluate(InvokeMethod.java:17)
	at org.junit.internal.runners.statements.FailOnTimeout$StatementThread.run(FailOnTimeout.java:74)
--- org.apache.commons.lang3.time.FastDateParser_ESTest::test19
org.evosuite.runtime.mock.java.lang.MockIllegalArgumentException: Failed to parse "y=CXE/=0`K" ; gave up at index 2
	at org.apache.commons.lang3.time.FastDateParser.init(FastDateParser.java:145)
	at org.apache.commons.lang3.time.FastDateParser.<init>(FastDateParser.java:108)
	at org.apache.commons.lang3.time.FastDateParser_ESTest.test19(FastDateParser_ESTest.java:6518)
	at sun.reflect.NativeMethodAccessorImpl.invoke0(Native Method)
	at sun.reflect.NativeMethodAccessorImpl.invoke(NativeMethodAccessorImpl.java:62)
	at sun.reflect.DelegatingMethodAccessorImpl.invoke(DelegatingMethodAccessorImpl.java:43)
	at java.lang.reflect.Method.invoke(Method.java:498)
	at org.junit.runners.model.FrameworkMethod$1.runReflectiveCall(FrameworkMethod.java:47)
	at org.junit.internal.runners.model.ReflectiveCallable.run(ReflectiveCallable.java:12)
	at org.junit.runners.model.FrameworkMethod.invokeExplosively(FrameworkMethod.java:44)
	at org.junit.internal.runners.statements.InvokeMethod.evaluate(InvokeMethod.java:17)
	at org.junit.internal.runners.statements.FailOnTimeout$StatementThread.run(FailOnTimeout.java:74)
--- org.apache.commons.lang3.time.FastDateParser_ESTest::test11
org.evosuite.runtime.mock.java.lang.MockIllegalArgumentException: Failed to parse "1`b-v wY3*;b'U&bxzR" ; gave up at index 2
	at org.apache.commons.lang3.time.FastDateParser.init(FastDateParser.java:145)
	at org.apache.commons.lang3.time.FastDateParser.<init>(FastDateParser.java:108)
	at org.apache.commons.lang3.time.FastDateParser_ESTest.test11(FastDateParser_ESTest.java:4043)
	at sun.reflect.NativeMethodAccessorImpl.invoke0(Native Method)
	at sun.reflect.NativeMethodAccessorImpl.invoke(NativeMethodAccessorImpl.java:62)
	at sun.reflect.DelegatingMethodAccessorImpl.invoke(DelegatingMethodAccessorImpl.java:43)
	at java.lang.reflect.Method.invoke(Method.java:498)
	at org.junit.runners.model.FrameworkMethod$1.runReflectiveCall(FrameworkMethod.java:47)
	at org.junit.internal.runners.model.ReflectiveCallable.run(ReflectiveCallable.java:12)
	at org.junit.runners.model.FrameworkMethod.invokeExplosively(FrameworkMethod.java:44)
	at org.junit.internal.runners.statements.InvokeMethod.evaluate(InvokeMethod.java:17)
	at org.junit.internal.runners.statements.FailOnTimeout$StatementThread.run(FailOnTimeout.java:74)
--- org.apache.commons.lang3.time.FastDateParser_ESTest::test12
org.evosuite.runtime.mock.java.lang.MockIllegalArgumentException: Failed to parse "w~a^S58wvhI~.@p!" ; gave up at index 8
	at org.apache.commons.lang3.time.FastDateParser.init(FastDateParser.java:145)
	at org.apache.commons.lang3.time.FastDateParser.<init>(FastDateParser.java:108)
	at org.apache.commons.lang3.time.FastDateParser_ESTest.test12(FastDateParser_ESTest.java:4505)
	at sun.reflect.NativeMethodAccessorImpl.invoke0(Native Method)
	at sun.reflect.NativeMethodAccessorImpl.invoke(NativeMethodAccessorImpl.java:62)
	at sun.reflect.DelegatingMethodAccessorImpl.invoke(DelegatingMethodAccessorImpl.java:43)
	at java.lang.reflect.Method.invoke(Method.java:498)
	at org.junit.runners.model.FrameworkMethod$1.runReflectiveCall(FrameworkMethod.java:47)
	at org.junit.internal.runners.model.ReflectiveCallable.run(ReflectiveCallable.java:12)
	at org.junit.runners.model.FrameworkMethod.invokeExplosively(FrameworkMethod.java:44)
	at org.junit.internal.runners.statements.InvokeMethod.evaluate(InvokeMethod.java:17)
	at org.junit.internal.runners.statements.FailOnTimeout$StatementThread.run(FailOnTimeout.java:74)
--- org.apache.commons.lang3.time.FastDateParser_ESTest::test10
org.evosuite.runtime.mock.java.lang.MockIllegalArgumentException: Failed to parse "/1>X!}" ; gave up at index 3
	at org.apache.commons.lang3.time.FastDateParser.init(FastDateParser.java:145)
	at org.apache.commons.lang3.time.FastDateParser.<init>(FastDateParser.java:108)
	at org.apache.commons.lang3.time.FastDateParser_ESTest.test10(FastDateParser_ESTest.java:3761)
	at sun.reflect.NativeMethodAccessorImpl.invoke0(Native Method)
	at sun.reflect.NativeMethodAccessorImpl.invoke(NativeMethodAccessorImpl.java:62)
	at sun.reflect.DelegatingMethodAccessorImpl.invoke(DelegatingMethodAccessorImpl.java:43)
	at java.lang.reflect.Method.invoke(Method.java:498)
	at org.junit.runners.model.FrameworkMethod$1.runReflectiveCall(FrameworkMethod.java:47)
	at org.junit.internal.runners.model.ReflectiveCallable.run(ReflectiveCallable.java:12)
	at org.junit.runners.model.FrameworkMethod.invokeExplosively(FrameworkMethod.java:44)
	at org.junit.internal.runners.statements.InvokeMethod.evaluate(InvokeMethod.java:17)
	at org.junit.internal.runners.statements.FailOnTimeout$StatementThread.run(FailOnTimeout.java:74)
--- org.apache.commons.lang3.time.FastDateParser_ESTest::test15
org.evosuite.runtime.mock.java.lang.MockIllegalArgumentException: Failed to parse ")o~p>GrU:X" ; gave up at index 1
	at org.apache.commons.lang3.time.FastDateParser.init(FastDateParser.java:145)
	at org.apache.commons.lang3.time.FastDateParser.<init>(FastDateParser.java:108)
	at org.apache.commons.lang3.time.FastDateParser_ESTest.test15(FastDateParser_ESTest.java:5528)
	at sun.reflect.NativeMethodAccessorImpl.invoke0(Native Method)
	at sun.reflect.NativeMethodAccessorImpl.invoke(NativeMethodAccessorImpl.java:62)
	at sun.reflect.DelegatingMethodAccessorImpl.invoke(DelegatingMethodAccessorImpl.java:43)
	at java.lang.reflect.Method.invoke(Method.java:498)
	at org.junit.runners.model.FrameworkMethod$1.runReflectiveCall(FrameworkMethod.java:47)
	at org.junit.internal.runners.model.ReflectiveCallable.run(ReflectiveCallable.java:12)
	at org.junit.runners.model.FrameworkMethod.invokeExplosively(FrameworkMethod.java:44)
	at org.junit.internal.runners.statements.InvokeMethod.evaluate(InvokeMethod.java:17)
	at org.junit.internal.runners.statements.FailOnTimeout$StatementThread.run(FailOnTimeout.java:74)
--- org.apache.commons.lang3.time.FastDateParser_ESTest::test16
org.evosuite.runtime.mock.java.lang.MockIllegalArgumentException: Failed to parse "<]<mf+6-cq7~?" ; gave up at index 4
	at org.apache.commons.lang3.time.FastDateParser.init(FastDateParser.java:145)
	at org.apache.commons.lang3.time.FastDateParser.<init>(FastDateParser.java:108)
	at org.apache.commons.lang3.time.FastDateParser_ESTest.test16(FastDateParser_ESTest.java:5842)
	at sun.reflect.NativeMethodAccessorImpl.invoke0(Native Method)
	at sun.reflect.NativeMethodAccessorImpl.invoke(NativeMethodAccessorImpl.java:62)
	at sun.reflect.DelegatingMethodAccessorImpl.invoke(DelegatingMethodAccessorImpl.java:43)
	at java.lang.reflect.Method.invoke(Method.java:498)
	at org.junit.runners.model.FrameworkMethod$1.runReflectiveCall(FrameworkMethod.java:47)
	at org.junit.internal.runners.model.ReflectiveCallable.run(ReflectiveCallable.java:12)
	at org.junit.runners.model.FrameworkMethod.invokeExplosively(FrameworkMethod.java:44)
	at org.junit.internal.runners.statements.InvokeMethod.evaluate(InvokeMethod.java:17)
	at org.junit.internal.runners.statements.FailOnTimeout$StatementThread.run(FailOnTimeout.java:74)
--- org.apache.commons.lang3.time.FastDateParser_ESTest::test13
org.evosuite.runtime.mock.java.lang.MockIllegalArgumentException: Failed to parse "(GhT[+-]d{,1}d{2}|[+-]d{2}:?d{2}|" ; gave up at index 3
	at org.apache.commons.lang3.time.FastDateParser.init(FastDateParser.java:145)
	at org.apache.commons.lang3.time.FastDateParser.<init>(FastDateParser.java:108)
	at org.apache.commons.lang3.time.FastDateParser_ESTest.test13(FastDateParser_ESTest.java:4956)
	at sun.reflect.NativeMethodAccessorImpl.invoke0(Native Method)
	at sun.reflect.NativeMethodAccessorImpl.invoke(NativeMethodAccessorImpl.java:62)
	at sun.reflect.DelegatingMethodAccessorImpl.invoke(DelegatingMethodAccessorImpl.java:43)
	at java.lang.reflect.Method.invoke(Method.java:498)
	at org.junit.runners.model.FrameworkMethod$1.runReflectiveCall(FrameworkMethod.java:47)
	at org.junit.internal.runners.model.ReflectiveCallable.run(ReflectiveCallable.java:12)
	at org.junit.runners.model.FrameworkMethod.invokeExplosively(FrameworkMethod.java:44)
	at org.junit.internal.runners.statements.InvokeMethod.evaluate(InvokeMethod.java:17)
	at org.junit.internal.runners.statements.FailOnTimeout$StatementThread.run(FailOnTimeout.java:74)
--- org.apache.commons.lang3.time.FastDateParser_ESTest::test14
org.evosuite.runtime.mock.java.lang.MockIllegalArgumentException: Failed to parse "[YlA!PIKj" ; gave up at index 1
	at org.apache.commons.lang3.time.FastDateParser.init(FastDateParser.java:145)
	at org.apache.commons.lang3.time.FastDateParser.<init>(FastDateParser.java:108)
	at org.apache.commons.lang3.time.FastDateParser_ESTest.test14(FastDateParser_ESTest.java:5242)
	at sun.reflect.NativeMethodAccessorImpl.invoke0(Native Method)
	at sun.reflect.NativeMethodAccessorImpl.invoke(NativeMethodAccessorImpl.java:62)
	at sun.reflect.DelegatingMethodAccessorImpl.invoke(DelegatingMethodAccessorImpl.java:43)
	at java.lang.reflect.Method.invoke(Method.java:498)
	at org.junit.runners.model.FrameworkMethod$1.runReflectiveCall(FrameworkMethod.java:47)
	at org.junit.internal.runners.model.ReflectiveCallable.run(ReflectiveCallable.java:12)
	at org.junit.runners.model.FrameworkMethod.invokeExplosively(FrameworkMethod.java:44)
	at org.junit.internal.runners.statements.InvokeMethod.evaluate(InvokeMethod.java:17)
	at org.junit.internal.runners.statements.FailOnTimeout$StatementThread.run(FailOnTimeout.java:74)
--- org.apache.commons.lang3.time.FastDateParser_ESTest::test30
org.evosuite.runtime.mock.java.lang.MockIllegalArgumentException: Failed to parse "FastDateParser[" ; gave up at index 3
	at org.apache.commons.lang3.time.FastDateParser.init(FastDateParser.java:145)
	at org.apache.commons.lang3.time.FastDateParser.<init>(FastDateParser.java:108)
	at org.apache.commons.lang3.time.FastDateParser_ESTest.test30(FastDateParser_ESTest.java:10064)
	at sun.reflect.NativeMethodAccessorImpl.invoke0(Native Method)
	at sun.reflect.NativeMethodAccessorImpl.invoke(NativeMethodAccessorImpl.java:62)
	at sun.reflect.DelegatingMethodAccessorImpl.invoke(DelegatingMethodAccessorImpl.java:43)
	at java.lang.reflect.Method.invoke(Method.java:498)
	at org.junit.runners.model.FrameworkMethod$1.runReflectiveCall(FrameworkMethod.java:47)
	at org.junit.internal.runners.model.ReflectiveCallable.run(ReflectiveCallable.java:12)
	at org.junit.runners.model.FrameworkMethod.invokeExplosively(FrameworkMethod.java:44)
	at org.junit.internal.runners.statements.InvokeMethod.evaluate(InvokeMethod.java:17)
	at org.junit.internal.runners.statements.FailOnTimeout$StatementThread.run(FailOnTimeout.java:74)
--- org.apache.commons.lang3.time.FastDateParser_ESTest::test08
org.evosuite.runtime.mock.java.lang.MockIllegalArgumentException: Failed to parse "8!Q8:ZNplDOhs;U84" ; gave up at index 2
	at org.apache.commons.lang3.time.FastDateParser.init(FastDateParser.java:145)
	at org.apache.commons.lang3.time.FastDateParser.<init>(FastDateParser.java:108)
	at org.apache.commons.lang3.time.FastDateParser_ESTest.test08(FastDateParser_ESTest.java:3001)
	at sun.reflect.NativeMethodAccessorImpl.invoke0(Native Method)
	at sun.reflect.NativeMethodAccessorImpl.invoke(NativeMethodAccessorImpl.java:62)
	at sun.reflect.DelegatingMethodAccessorImpl.invoke(DelegatingMethodAccessorImpl.java:43)
	at java.lang.reflect.Method.invoke(Method.java:498)
	at org.junit.runners.model.FrameworkMethod$1.runReflectiveCall(FrameworkMethod.java:47)
	at org.junit.internal.runners.model.ReflectiveCallable.run(ReflectiveCallable.java:12)
	at org.junit.runners.model.FrameworkMethod.invokeExplosively(FrameworkMethod.java:44)
	at org.junit.internal.runners.statements.InvokeMethod.evaluate(InvokeMethod.java:17)
	at org.junit.internal.runners.statements.FailOnTimeout$StatementThread.run(FailOnTimeout.java:74)
--- org.apache.commons.lang3.time.FastDateParser_ESTest::test09
org.evosuite.runtime.mock.java.lang.MockIllegalArgumentException: Failed to parse "W|E9uByDr1:Gh" ; gave up at index 4
	at org.apache.commons.lang3.time.FastDateParser.init(FastDateParser.java:145)
	at org.apache.commons.lang3.time.FastDateParser.<init>(FastDateParser.java:108)
	at org.apache.commons.lang3.time.FastDateParser_ESTest.test09(FastDateParser_ESTest.java:3472)
	at sun.reflect.NativeMethodAccessorImpl.invoke0(Native Method)
	at sun.reflect.NativeMethodAccessorImpl.invoke(NativeMethodAccessorImpl.java:62)
	at sun.reflect.DelegatingMethodAccessorImpl.invoke(DelegatingMethodAccessorImpl.java:43)
	at java.lang.reflect.Method.invoke(Method.java:498)
	at org.junit.runners.model.FrameworkMethod$1.runReflectiveCall(FrameworkMethod.java:47)
	at org.junit.internal.runners.model.ReflectiveCallable.run(ReflectiveCallable.java:12)
	at org.junit.runners.model.FrameworkMethod.invokeExplosively(FrameworkMethod.java:44)
	at org.junit.internal.runners.statements.InvokeMethod.evaluate(InvokeMethod.java:17)
	at org.junit.internal.runners.statements.FailOnTimeout$StatementThread.run(FailOnTimeout.java:74)
--- org.apache.commons.lang3.time.FastDateParser_ESTest::test06
org.evosuite.runtime.mock.java.lang.MockIllegalArgumentException: Failed to parse "d^@yy3:t_kqF"]Q:J.9" ; gave up at index 7
	at org.apache.commons.lang3.time.FastDateParser.init(FastDateParser.java:145)
	at org.apache.commons.lang3.time.FastDateParser.<init>(FastDateParser.java:108)
	at org.apache.commons.lang3.time.FastDateParser_ESTest.test06(FastDateParser_ESTest.java:2401)
	at sun.reflect.NativeMethodAccessorImpl.invoke0(Native Method)
	at sun.reflect.NativeMethodAccessorImpl.invoke(NativeMethodAccessorImpl.java:62)
	at sun.reflect.DelegatingMethodAccessorImpl.invoke(DelegatingMethodAccessorImpl.java:43)
	at java.lang.reflect.Method.invoke(Method.java:498)
	at org.junit.runners.model.FrameworkMethod$1.runReflectiveCall(FrameworkMethod.java:47)
	at org.junit.internal.runners.model.ReflectiveCallable.run(ReflectiveCallable.java:12)
	at org.junit.runners.model.FrameworkMethod.invokeExplosively(FrameworkMethod.java:44)
	at org.junit.internal.runners.statements.InvokeMethod.evaluate(InvokeMethod.java:17)
	at org.junit.internal.runners.statements.FailOnTimeout$StatementThread.run(FailOnTimeout.java:74)
--- org.apache.commons.lang3.time.FastDateParser_ESTest::test28
org.evosuite.runtime.mock.java.lang.MockIllegalArgumentException: Failed to parse "+Zk6QKp<" ; gave up at index 4
	at org.apache.commons.lang3.time.FastDateParser.init(FastDateParser.java:145)
	at org.apache.commons.lang3.time.FastDateParser.<init>(FastDateParser.java:108)
	at org.apache.commons.lang3.time.FastDateParser_ESTest.test28(FastDateParser_ESTest.java:9181)
	at sun.reflect.NativeMethodAccessorImpl.invoke0(Native Method)
	at sun.reflect.NativeMethodAccessorImpl.invoke(NativeMethodAccessorImpl.java:62)
	at sun.reflect.DelegatingMethodAccessorImpl.invoke(DelegatingMethodAccessorImpl.java:43)
	at java.lang.reflect.Method.invoke(Method.java:498)
	at org.junit.runners.model.FrameworkMethod$1.runReflectiveCall(FrameworkMethod.java:47)
	at org.junit.internal.runners.model.ReflectiveCallable.run(ReflectiveCallable.java:12)
	at org.junit.runners.model.FrameworkMethod.invokeExplosively(FrameworkMethod.java:44)
	at org.junit.internal.runners.statements.InvokeMethod.evaluate(InvokeMethod.java:17)
	at org.junit.internal.runners.statements.FailOnTimeout$StatementThread.run(FailOnTimeout.java:74)
--- org.apache.commons.lang3.time.FastDateParser_ESTest::test07
org.evosuite.runtime.mock.java.lang.MockIllegalArgumentException: Failed to parse "H@e5mHNe$cD48_fV"" ; gave up at index 2
	at org.apache.commons.lang3.time.FastDateParser.init(FastDateParser.java:145)
	at org.apache.commons.lang3.time.FastDateParser.<init>(FastDateParser.java:108)
	at org.apache.commons.lang3.time.FastDateParser_ESTest.test07(FastDateParser_ESTest.java:2721)
	at sun.reflect.NativeMethodAccessorImpl.invoke0(Native Method)
	at sun.reflect.NativeMethodAccessorImpl.invoke(NativeMethodAccessorImpl.java:62)
	at sun.reflect.DelegatingMethodAccessorImpl.invoke(DelegatingMethodAccessorImpl.java:43)
	at java.lang.reflect.Method.invoke(Method.java:498)
	at org.junit.runners.model.FrameworkMethod$1.runReflectiveCall(FrameworkMethod.java:47)
	at org.junit.internal.runners.model.ReflectiveCallable.run(ReflectiveCallable.java:12)
	at org.junit.runners.model.FrameworkMethod.invokeExplosively(FrameworkMethod.java:44)
	at org.junit.internal.runners.statements.InvokeMethod.evaluate(InvokeMethod.java:17)
	at org.junit.internal.runners.statements.FailOnTimeout$StatementThread.run(FailOnTimeout.java:74)
--- org.apache.commons.lang3.time.FastDateParser_ESTest::test29
org.evosuite.runtime.mock.java.lang.MockIllegalArgumentException: Failed to parse "(GMT[+-]d{0,1}d{2}|[+-]d{2}:?d{2}|" ; gave up at index 3
	at org.apache.commons.lang3.time.FastDateParser.init(FastDateParser.java:145)
	at org.apache.commons.lang3.time.FastDateParser.<init>(FastDateParser.java:108)
	at org.apache.commons.lang3.time.FastDateParser_ESTest.test29(FastDateParser_ESTest.java:9640)
	at sun.reflect.NativeMethodAccessorImpl.invoke0(Native Method)
	at sun.reflect.NativeMethodAccessorImpl.invoke(NativeMethodAccessorImpl.java:62)
	at sun.reflect.DelegatingMethodAccessorImpl.invoke(DelegatingMethodAccessorImpl.java:43)
	at java.lang.reflect.Method.invoke(Method.java:498)
	at org.junit.runners.model.FrameworkMethod$1.runReflectiveCall(FrameworkMethod.java:47)
	at org.junit.internal.runners.model.ReflectiveCallable.run(ReflectiveCallable.java:12)
	at org.junit.runners.model.FrameworkMethod.invokeExplosively(FrameworkMethod.java:44)
	at org.junit.internal.runners.statements.InvokeMethod.evaluate(InvokeMethod.java:17)
	at org.junit.internal.runners.statements.FailOnTimeout$StatementThread.run(FailOnTimeout.java:74)
--- org.apache.commons.lang3.time.FastDateParser_ESTest::test00
org.evosuite.runtime.mock.java.lang.MockIllegalArgumentException: Failed to parse ":>Un" ; gave up at index 2
	at org.apache.commons.lang3.time.FastDateParser.init(FastDateParser.java:145)
	at org.apache.commons.lang3.time.FastDateParser.<init>(FastDateParser.java:108)
	at org.apache.commons.lang3.time.FastDateParser_ESTest.test00(FastDateParser_ESTest.java:303)
	at sun.reflect.NativeMethodAccessorImpl.invoke0(Native Method)
	at sun.reflect.NativeMethodAccessorImpl.invoke(NativeMethodAccessorImpl.java:62)
	at sun.reflect.DelegatingMethodAccessorImpl.invoke(DelegatingMethodAccessorImpl.java:43)
	at java.lang.reflect.Method.invoke(Method.java:498)
	at org.junit.runners.model.FrameworkMethod$1.runReflectiveCall(FrameworkMethod.java:47)
	at org.junit.internal.runners.model.ReflectiveCallable.run(ReflectiveCallable.java:12)
	at org.junit.runners.model.FrameworkMethod.invokeExplosively(FrameworkMethod.java:44)
	at org.junit.internal.runners.statements.InvokeMethod.evaluate(InvokeMethod.java:17)
	at org.junit.internal.runners.statements.FailOnTimeout$StatementThread.run(FailOnTimeout.java:74)
--- org.apache.commons.lang3.time.FastDateParser_ESTest::test22
org.evosuite.runtime.mock.java.lang.MockIllegalArgumentException: Failed to parse "`^{SK!RX?icGqO" ; gave up at index 6
	at org.apache.commons.lang3.time.FastDateParser.init(FastDateParser.java:145)
	at org.apache.commons.lang3.time.FastDateParser.<init>(FastDateParser.java:108)
	at org.apache.commons.lang3.time.FastDateParser_ESTest.test22(FastDateParser_ESTest.java:7511)
	at sun.reflect.NativeMethodAccessorImpl.invoke0(Native Method)
	at sun.reflect.NativeMethodAccessorImpl.invoke(NativeMethodAccessorImpl.java:62)
	at sun.reflect.DelegatingMethodAccessorImpl.invoke(DelegatingMethodAccessorImpl.java:43)
	at java.lang.reflect.Method.invoke(Method.java:498)
	at org.junit.runners.model.FrameworkMethod$1.runReflectiveCall(FrameworkMethod.java:47)
	at org.junit.internal.runners.model.ReflectiveCallable.run(ReflectiveCallable.java:12)
	at org.junit.runners.model.FrameworkMethod.invokeExplosively(FrameworkMethod.java:44)
	at org.junit.internal.runners.statements.InvokeMethod.evaluate(InvokeMethod.java:17)
	at org.junit.internal.runners.statements.FailOnTimeout$StatementThread.run(FailOnTimeout.java:74)
--- org.apache.commons.lang3.time.FastDateParser_ESTest::test01
org.evosuite.runtime.mock.java.lang.MockIllegalArgumentException: Failed to parse ";"E;kT-k>qaL" ; gave up at index 5
	at org.apache.commons.lang3.time.FastDateParser.init(FastDateParser.java:145)
	at org.apache.commons.lang3.time.FastDateParser.<init>(FastDateParser.java:108)
	at org.apache.commons.lang3.time.FastDateParser_ESTest.test01(FastDateParser_ESTest.java:734)
	at sun.reflect.NativeMethodAccessorImpl.invoke0(Native Method)
	at sun.reflect.NativeMethodAccessorImpl.invoke(NativeMethodAccessorImpl.java:62)
	at sun.reflect.DelegatingMethodAccessorImpl.invoke(DelegatingMethodAccessorImpl.java:43)
	at java.lang.reflect.Method.invoke(Method.java:498)
	at org.junit.runners.model.FrameworkMethod$1.runReflectiveCall(FrameworkMethod.java:47)
	at org.junit.internal.runners.model.ReflectiveCallable.run(ReflectiveCallable.java:12)
	at org.junit.runners.model.FrameworkMethod.invokeExplosively(FrameworkMethod.java:44)
	at org.junit.internal.runners.statements.InvokeMethod.evaluate(InvokeMethod.java:17)
	at org.junit.internal.runners.statements.FailOnTimeout$StatementThread.run(FailOnTimeout.java:74)
--- org.apache.commons.lang3.time.FastDateParser_ESTest::test20
org.evosuite.runtime.mock.java.lang.MockIllegalArgumentException: Failed to parse "2ZRkjlvX^" ; gave up at index 2
	at org.apache.commons.lang3.time.FastDateParser.init(FastDateParser.java:145)
	at org.apache.commons.lang3.time.FastDateParser.<init>(FastDateParser.java:108)
	at org.apache.commons.lang3.time.FastDateParser_ESTest.test20(FastDateParser_ESTest.java:6820)
	at sun.reflect.NativeMethodAccessorImpl.invoke0(Native Method)
	at sun.reflect.NativeMethodAccessorImpl.invoke(NativeMethodAccessorImpl.java:62)
	at sun.reflect.DelegatingMethodAccessorImpl.invoke(DelegatingMethodAccessorImpl.java:43)
	at java.lang.reflect.Method.invoke(Method.java:498)
	at org.junit.runners.model.FrameworkMethod$1.runReflectiveCall(FrameworkMethod.java:47)
	at org.junit.internal.runners.model.ReflectiveCallable.run(ReflectiveCallable.java:12)
	at org.junit.runners.model.FrameworkMethod.invokeExplosively(FrameworkMethod.java:44)
	at org.junit.internal.runners.statements.InvokeMethod.evaluate(InvokeMethod.java:17)
	at org.junit.internal.runners.statements.FailOnTimeout$StatementThread.run(FailOnTimeout.java:74)
--- org.apache.commons.lang3.time.FastDateParser_ESTest::test21
org.evosuite.runtime.mock.java.lang.MockIllegalArgumentException: Failed to parse "0.$5ksT_gO" ; gave up at index 6
	at org.apache.commons.lang3.time.FastDateParser.init(FastDateParser.java:145)
	at org.apache.commons.lang3.time.FastDateParser.<init>(FastDateParser.java:108)
	at org.apache.commons.lang3.time.FastDateParser_ESTest.test21(FastDateParser_ESTest.java:7158)
	at sun.reflect.NativeMethodAccessorImpl.invoke0(Native Method)
	at sun.reflect.NativeMethodAccessorImpl.invoke(NativeMethodAccessorImpl.java:62)
	at sun.reflect.DelegatingMethodAccessorImpl.invoke(DelegatingMethodAccessorImpl.java:43)
	at java.lang.reflect.Method.invoke(Method.java:498)
	at org.junit.runners.model.FrameworkMethod$1.runReflectiveCall(FrameworkMethod.java:47)
	at org.junit.internal.runners.model.ReflectiveCallable.run(ReflectiveCallable.java:12)
	at org.junit.runners.model.FrameworkMethod.invokeExplosively(FrameworkMethod.java:44)
	at org.junit.internal.runners.statements.InvokeMethod.evaluate(InvokeMethod.java:17)
	at org.junit.internal.runners.statements.FailOnTimeout$StatementThread.run(FailOnTimeout.java:74)
--- org.apache.commons.lang3.time.FastDateParser_ESTest::test04
org.evosuite.runtime.mock.java.lang.MockIllegalArgumentException: Failed to parse "}uR&l8MzG:+10=h" ; gave up at index 1
	at org.apache.commons.lang3.time.FastDateParser.init(FastDateParser.java:145)
	at org.apache.commons.lang3.time.FastDateParser.<init>(FastDateParser.java:108)
	at org.apache.commons.lang3.time.FastDateParser_ESTest.test04(FastDateParser_ESTest.java:1727)
	at sun.reflect.NativeMethodAccessorImpl.invoke0(Native Method)
	at sun.reflect.NativeMethodAccessorImpl.invoke(NativeMethodAccessorImpl.java:62)
	at sun.reflect.DelegatingMethodAccessorImpl.invoke(DelegatingMethodAccessorImpl.java:43)
	at java.lang.reflect.Method.invoke(Method.java:498)
	at org.junit.runners.model.FrameworkMethod$1.runReflectiveCall(FrameworkMethod.java:47)
	at org.junit.internal.runners.model.ReflectiveCallable.run(ReflectiveCallable.java:12)
	at org.junit.runners.model.FrameworkMethod.invokeExplosively(FrameworkMethod.java:44)
	at org.junit.internal.runners.statements.InvokeMethod.evaluate(InvokeMethod.java:17)
	at org.junit.internal.runners.statements.FailOnTimeout$StatementThread.run(FailOnTimeout.java:74)
--- org.apache.commons.lang3.time.FastDateParser_ESTest::test26
org.evosuite.runtime.mock.java.lang.MockIllegalArgumentException: Failed to parse "4`w$iV#Ze" ; gave up at index 4
	at org.apache.commons.lang3.time.FastDateParser.init(FastDateParser.java:145)
	at org.apache.commons.lang3.time.FastDateParser.<init>(FastDateParser.java:108)
	at org.apache.commons.lang3.time.FastDateParser_ESTest.test26(FastDateParser_ESTest.java:8503)
	at sun.reflect.NativeMethodAccessorImpl.invoke0(Native Method)
	at sun.reflect.NativeMethodAccessorImpl.invoke(NativeMethodAccessorImpl.java:62)
	at sun.reflect.DelegatingMethodAccessorImpl.invoke(DelegatingMethodAccessorImpl.java:43)
	at java.lang.reflect.Method.invoke(Method.java:498)
	at org.junit.runners.model.FrameworkMethod$1.runReflectiveCall(FrameworkMethod.java:47)
	at org.junit.internal.runners.model.ReflectiveCallable.run(ReflectiveCallable.java:12)
	at org.junit.runners.model.FrameworkMethod.invokeExplosively(FrameworkMethod.java:44)
	at org.junit.internal.runners.statements.InvokeMethod.evaluate(InvokeMethod.java:17)
	at org.junit.internal.runners.statements.FailOnTimeout$StatementThread.run(FailOnTimeout.java:74)
--- org.apache.commons.lang3.time.FastDateParser_ESTest::test27
org.evosuite.runtime.mock.java.lang.MockIllegalArgumentException: Failed to parse "?d,tT..6Lu#<|3}R}" ; gave up at index 3
	at org.apache.commons.lang3.time.FastDateParser.init(FastDateParser.java:145)
	at org.apache.commons.lang3.time.FastDateParser.<init>(FastDateParser.java:108)
	at org.apache.commons.lang3.time.FastDateParser_ESTest.test27(FastDateParser_ESTest.java:8837)
	at sun.reflect.NativeMethodAccessorImpl.invoke0(Native Method)
	at sun.reflect.NativeMethodAccessorImpl.invoke(NativeMethodAccessorImpl.java:62)
	at sun.reflect.DelegatingMethodAccessorImpl.invoke(DelegatingMethodAccessorImpl.java:43)
	at java.lang.reflect.Method.invoke(Method.java:498)
	at org.junit.runners.model.FrameworkMethod$1.runReflectiveCall(FrameworkMethod.java:47)
	at org.junit.internal.runners.model.ReflectiveCallable.run(ReflectiveCallable.java:12)
	at org.junit.runners.model.FrameworkMethod.invokeExplosively(FrameworkMethod.java:44)
	at org.junit.internal.runners.statements.InvokeMethod.evaluate(InvokeMethod.java:17)
	at org.junit.internal.runners.statements.FailOnTimeout$StatementThread.run(FailOnTimeout.java:74)
--- org.apache.commons.lang3.time.FastDateParser_ESTest::test02
org.evosuite.runtime.mock.java.lang.MockIllegalArgumentException: Failed to parse "}D6m>o'TZ<" ; gave up at index 5
	at org.apache.commons.lang3.time.FastDateParser.init(FastDateParser.java:145)
	at org.apache.commons.lang3.time.FastDateParser.<init>(FastDateParser.java:108)
	at org.apache.commons.lang3.time.FastDateParser_ESTest.test02(FastDateParser_ESTest.java:1082)
	at sun.reflect.NativeMethodAccessorImpl.invoke0(Native Method)
	at sun.reflect.NativeMethodAccessorImpl.invoke(NativeMethodAccessorImpl.java:62)
	at sun.reflect.DelegatingMethodAccessorImpl.invoke(DelegatingMethodAccessorImpl.java:43)
	at java.lang.reflect.Method.invoke(Method.java:498)
	at org.junit.runners.model.FrameworkMethod$1.runReflectiveCall(FrameworkMethod.java:47)
	at org.junit.internal.runners.model.ReflectiveCallable.run(ReflectiveCallable.java:12)
	at org.junit.runners.model.FrameworkMethod.invokeExplosively(FrameworkMethod.java:44)
	at org.junit.internal.runners.statements.InvokeMethod.evaluate(InvokeMethod.java:17)
	at org.junit.internal.runners.statements.FailOnTimeout$StatementThread.run(FailOnTimeout.java:74)
--- org.apache.commons.lang3.time.FastDateParser_ESTest::test03
org.evosuite.runtime.mock.java.lang.MockIllegalArgumentException: Failed to parse "-mz}R" ; gave up at index 4
	at org.apache.commons.lang3.time.FastDateParser.init(FastDateParser.java:145)
	at org.apache.commons.lang3.time.FastDateParser.<init>(FastDateParser.java:108)
	at org.apache.commons.lang3.time.FastDateParser_ESTest.test03(FastDateParser_ESTest.java:1414)
	at sun.reflect.NativeMethodAccessorImpl.invoke0(Native Method)
	at sun.reflect.NativeMethodAccessorImpl.invoke(NativeMethodAccessorImpl.java:62)
	at sun.reflect.DelegatingMethodAccessorImpl.invoke(DelegatingMethodAccessorImpl.java:43)
	at java.lang.reflect.Method.invoke(Method.java:498)
	at org.junit.runners.model.FrameworkMethod$1.runReflectiveCall(FrameworkMethod.java:47)
	at org.junit.internal.runners.model.ReflectiveCallable.run(ReflectiveCallable.java:12)
	at org.junit.runners.model.FrameworkMethod.invokeExplosively(FrameworkMethod.java:44)
	at org.junit.internal.runners.statements.InvokeMethod.evaluate(InvokeMethod.java:17)
	at org.junit.internal.runners.statements.FailOnTimeout$StatementThread.run(FailOnTimeout.java:74)
--- org.apache.commons.lang3.time.FastDateParser_ESTest::test25
org.evosuite.runtime.mock.java.lang.MockIllegalArgumentException: Failed to parse "*TX5jp" ; gave up at index 1
	at org.apache.commons.lang3.time.FastDateParser.init(FastDateParser.java:145)
	at org.apache.commons.lang3.time.FastDateParser.<init>(FastDateParser.java:108)
	at org.apache.commons.lang3.time.FastDateParser_ESTest.test25(FastDateParser_ESTest.java:8157)
	at sun.reflect.NativeMethodAccessorImpl.invoke0(Native Method)
	at sun.reflect.NativeMethodAccessorImpl.invoke(NativeMethodAccessorImpl.java:62)
	at sun.reflect.DelegatingMethodAccessorImpl.invoke(DelegatingMethodAccessorImpl.java:43)
	at java.lang.reflect.Method.invoke(Method.java:498)
	at org.junit.runners.model.FrameworkMethod$1.runReflectiveCall(FrameworkMethod.java:47)
	at org.junit.internal.runners.model.ReflectiveCallable.run(ReflectiveCallable.java:12)
	at org.junit.runners.model.FrameworkMethod.invokeExplosively(FrameworkMethod.java:44)
	at org.junit.internal.runners.statements.InvokeMethod.evaluate(InvokeMethod.java:17)
	at org.junit.internal.runners.statements.FailOnTimeout$StatementThread.run(FailOnTimeout.java:74)
